<?xml version="1.0" encoding="UTF-8"?>
<!-- Generated by org.testng.reporters.JUnitXMLReporter -->
<testsuite hostname="HIBAWL71179" ignored="1" name="Default test" tests="12" failures="0" timestamp="17 Mar 2021 14:17:06 GMT" time="3.293" errors="0">
  <testcase name="priority_method3" time="0.022" classname="com.testng.java.TestNG_annotations"/>
  <testcase name="test" time="0.004" classname="com.testng.java.TestNG_annotations"/>
  <testcase name="test2" time="0.01" classname="com.testng.java.TestNG_annotations"/>
  <testcase name="timeOut" time="3.016" classname="com.testng.java.TestNG_annotations"/>
  <testcase name="priority_methodExpn" time="0.005" classname="com.testng.java.TestNG_annotations"/>
  <testcase name="testInvocation" time="0.021" classname="com.testng.java.TestNG_annotations"/>
  <testcase name="testInvocation" time="0.01" classname="com.testng.java.TestNG_annotations"/>
  <testcase name="testInvocation" time="0.01" classname="com.testng.java.TestNG_annotations"/>
  <testcase name="testInvocation" time="0.007" classname="com.testng.java.TestNG_annotations"/>
  <testcase name="testInvocation" time="0.002" classname="com.testng.java.TestNG_annotations"/>
  <testcase name="priority_methodD" time="0.004" classname="com.testng.java.TestNG_annotations"/>
  <testcase name="priority_method2" time="0.005" classname="com.testng.java.TestNG_annotations"/>
  <testcase name="ignored" time="0.0" classname="com.testng.java.TestNG_annotations">
    <ignored/>
  </testcase> <!-- ignored -->
</testsuite> <!-- Default test -->
