<?xml version="1.0" encoding="UTF-8"?>
<!-- Generated by org.testng.reporters.JUnitXMLReporter -->
<testsuite hostname="HIBAWL71179" ignored="0" name="Test2" tests="12" failures="0" timestamp="17 Mar 2021 13:49:40 GMT" time="3.206" errors="0">
  <testcase name="priority_method3" time="0.03" classname="com.testng.java.TestNG_annotations"/>
  <testcase name="priority_methodExpn" time="0.003" classname="com.testng.java.TestNG_annotations"/>
  <testcase name="test" time="0.007" classname="com.testng.java.TestNG_annotations"/>
  <testcase name="test2" time="0.006" classname="com.testng.java.TestNG_annotations"/>
  <testcase name="timeOut" time="3.036" classname="com.testng.java.TestNG_annotations"/>
  <testcase name="testInvocation" time="0.001" classname="com.testng.java.TestNG_annotations"/>
  <testcase name="testInvocation" time="0.006" classname="com.testng.java.TestNG_annotations"/>
  <testcase name="testInvocation" time="0.002" classname="com.testng.java.TestNG_annotations"/>
  <testcase name="testInvocation" time="0.002" classname="com.testng.java.TestNG_annotations"/>
  <testcase name="testInvocation" time="0.002" classname="com.testng.java.TestNG_annotations"/>
  <testcase name="priority_methodD" time="0.002" classname="com.testng.java.TestNG_annotations"/>
  <testcase name="priority_method2" time="0.002" classname="com.testng.java.TestNG_annotations"/>
</testsuite> <!-- Test2 -->
