<?xml version="1.0" encoding="UTF-8"?>
<testsuite xmlns:xsi="http://www.w3.org/2001/XMLSchema-instance" xsi:noNamespaceSchemaLocation="https://maven.apache.org/surefire/maven-surefire-plugin/xsd/surefire-test-report-3.0.xsd" version="3.0" name="TestSuite" time="2.511" tests="2" errors="0" skipped="0" failures="0">
  <properties>
[...]
</properties>
  <testcase name="group_method1" classname="com.testng.java.TestNG_groups" time="0.016">
    <system-out><![CDATA[inside group-2
inside group
]]></system-out>
  </testcase>
  <testcase name="group_method" classname="com.testng.java.TestNG_groups" time="0.018"/>
</testsuite>